python3 xunit.py

Traceback (most recent call last):
  File "xunit.py", line 3, in <module>
    test = WasRun("testMethod")
NameError: name 'WasRun' is not defined


python3 xunit.py

Traceback (most recent call last):
  File "xunit.py", line 5, in <module>
    test = WasRun("testMethod")
TypeError: object() takes no parameters
